{
  "stats": {
    "suites": 1,
    "tests": 1,
    "passes": 1,
    "pending": 0,
    "failures": 0,
    "start": "2024-07-04T13:29:36.272Z",
    "end": "2024-07-04T13:29:37.146Z",
    "duration": 874,
    "testsRegistered": 1,
    "passPercent": 100,
    "pendingPercent": 0,
    "other": 0,
    "hasOther": false,
    "skipped": 0,
    "hasSkipped": false
  },
  "results": [
    {
      "uuid": "ba10227e-62df-4a15-997f-1d8f8ed588d4",
      "title": "",
      "fullFile": "cypress/e2e/JSONSchemaValidation.cy.js",
      "file": "cypress/e2e/JSONSchemaValidation.cy.js",
      "beforeHooks": [],
      "afterHooks": [],
      "tests": [],
      "suites": [
        {
          "uuid": "9010bd32-69bf-4c5b-85cc-4dad3fb3b142",
          "title": "JSON Schema validation",
          "fullFile": "",
          "file": "",
          "beforeHooks": [],
          "afterHooks": [],
          "tests": [
            {
              "title": "Schema validation against response",
              "fullTitle": "JSON Schema validation Schema validation against response",
              "timedOut": null,
              "duration": 855,
              "state": "passed",
              "speed": "fast",
              "pass": true,
              "fail": false,
              "pending": false,
              "context": null,
              "code": "cy.request({\n  method: \"GET\",\n  url: \"https://fakestoreapi.com/products\"\n}).then(response => {\n  const schema = {\n    $schema: \"http://json-schema.org/draft-07/schema#\",\n    title: \"Generated schema for Root\",\n    type: \"array\",\n    items: {\n      type: \"object\",\n      properties: {\n        id: {\n          type: \"number\"\n        },\n        title: {\n          type: \"string\"\n        },\n        price: {\n          type: \"number\"\n        },\n        description: {\n          type: \"string\"\n        },\n        category: {\n          type: \"string\"\n        },\n        image: {\n          type: \"string\"\n        },\n        rating: {\n          type: \"object\",\n          properties: {\n            rate: {\n              type: \"number\"\n            },\n            count: {\n              type: \"number\"\n            }\n          },\n          required: [\"rate\", \"count\"]\n        }\n      },\n      required: [\"id\", \"title\", \"price\", \"description\", \"category\", \"image\", \"rating\"]\n    }\n  };\n  const validate = avj.compile(schema);\n  const isValid = validate(response.body);\n  expect(isValid).to.be.true;\n});",
              "err": {},
              "uuid": "624dfd54-c3b8-429b-85f9-0335586fe7ea",
              "parentUUID": "9010bd32-69bf-4c5b-85cc-4dad3fb3b142",
              "isHook": false,
              "skipped": false
            }
          ],
          "suites": [],
          "passes": [
            "624dfd54-c3b8-429b-85f9-0335586fe7ea"
          ],
          "failures": [],
          "pending": [],
          "skipped": [],
          "duration": 855,
          "root": false,
          "rootEmpty": false,
          "_timeout": 2000
        }
      ],
      "passes": [],
      "failures": [],
      "pending": [],
      "skipped": [],
      "duration": 0,
      "root": true,
      "rootEmpty": true,
      "_timeout": 2000
    }
  ],
  "meta": {
    "mocha": {
      "version": "7.0.1"
    },
    "mochawesome": {
      "options": {
        "quiet": false,
        "reportFilename": "mochawesome",
        "saveHtml": false,
        "saveJson": true,
        "consoleReporter": "spec",
        "useInlineDiffs": false,
        "code": true
      },
      "version": "7.1.3"
    },
    "marge": {
      "options": {
        "reportDir": "cypress/reports",
        "overwrite": false,
        "html": false,
        "json": true
      },
      "version": "6.2.0"
    }
  }
}