{
  "stats": {
    "suites": 1,
    "tests": 2,
    "passes": 2,
    "pending": 0,
    "failures": 0,
    "start": "2024-07-04T13:29:38.360Z",
    "end": "2024-07-04T13:29:39.206Z",
    "duration": 846,
    "testsRegistered": 2,
    "passPercent": 100,
    "pendingPercent": 0,
    "other": 0,
    "hasOther": false,
    "skipped": 0,
    "hasSkipped": false
  },
  "results": [
    {
      "uuid": "4c221159-3a0b-4ab6-8258-2148fd9eaf07",
      "title": "",
      "fullFile": "cypress/e2e/ParsingJSONResponse.cy.js",
      "file": "cypress/e2e/ParsingJSONResponse.cy.js",
      "beforeHooks": [],
      "afterHooks": [],
      "tests": [],
      "suites": [
        {
          "uuid": "e49d6463-d10b-4640-acd9-df589f430591",
          "title": "parsing JSON",
          "fullFile": "",
          "file": "",
          "beforeHooks": [],
          "afterHooks": [],
          "tests": [
            {
              "title": "parsing simple JSON",
              "fullTitle": "parsing JSON parsing simple JSON",
              "timedOut": null,
              "duration": 297,
              "state": "passed",
              "speed": "fast",
              "pass": true,
              "fail": false,
              "pending": false,
              "context": null,
              "code": "cy.request({\n  method: \"GET\",\n  url: \"https://fakestoreapi.com/products\"\n}).then(response => {\n  expect(response.status).to.equal(200);\n  //for 1st record\n  expect(response.body[0].id).to.equal(1);\n  expect(response.body[0].title).to.equal(\"Fjallraven - Foldsack No. 1 Backpack, Fits 15 Laptops\");\n  expect(response.body[0].price).to.equal(109.95);\n  expect(response.body[0].rating.rate).to.equal(3.9);\n  //for 20th record\n  expect(response.body[19].id).to.equal(20);\n  expect(response.body[19].title).to.equal(\"DANVOUY Womens T Shirt Casual Cotton Short\");\n  expect(response.body[19].price).to.equal(12.99);\n  expect(response.body[19].rating.rate).to.equal(3.6);\n});",
              "err": {},
              "uuid": "3a48cda0-8b80-4936-9ef6-dd555f8f4135",
              "parentUUID": "e49d6463-d10b-4640-acd9-df589f430591",
              "isHook": false,
              "skipped": false
            },
            {
              "title": "parsing complex JSON",
              "fullTitle": "parsing JSON parsing complex JSON",
              "timedOut": null,
              "duration": 489,
              "state": "passed",
              "speed": "fast",
              "pass": true,
              "fail": false,
              "pending": false,
              "context": null,
              "code": "let totalprice = 0;\ncy.request({\n  method: \"GET\",\n  url: \"https://fakestoreapi.com/products\",\n  qs: {\n    limit: 5\n  }\n}).then(response => {\n  expect(response.status).to.equal(200);\n  response.body.forEach(element => {\n    totalprice = totalprice + element.price;\n  });\n  expect(totalprice).to.equal(899.23);\n});",
              "err": {},
              "uuid": "a750639c-b373-45ec-88de-ae777d0c878f",
              "parentUUID": "e49d6463-d10b-4640-acd9-df589f430591",
              "isHook": false,
              "skipped": false
            }
          ],
          "suites": [],
          "passes": [
            "3a48cda0-8b80-4936-9ef6-dd555f8f4135",
            "a750639c-b373-45ec-88de-ae777d0c878f"
          ],
          "failures": [],
          "pending": [],
          "skipped": [],
          "duration": 786,
          "root": false,
          "rootEmpty": false,
          "_timeout": 2000
        }
      ],
      "passes": [],
      "failures": [],
      "pending": [],
      "skipped": [],
      "duration": 0,
      "root": true,
      "rootEmpty": true,
      "_timeout": 2000
    }
  ],
  "meta": {
    "mocha": {
      "version": "7.0.1"
    },
    "mochawesome": {
      "options": {
        "quiet": false,
        "reportFilename": "mochawesome",
        "saveHtml": false,
        "saveJson": true,
        "consoleReporter": "spec",
        "useInlineDiffs": false,
        "code": true
      },
      "version": "7.1.3"
    },
    "marge": {
      "options": {
        "reportDir": "cypress/reports",
        "overwrite": false,
        "html": false,
        "json": true
      },
      "version": "6.2.0"
    }
  }
}