{
  "stats": {
    "suites": 1,
    "tests": 1,
    "passes": 1,
    "pending": 0,
    "failures": 0,
    "start": "2024-07-04T13:29:40.525Z",
    "end": "2024-07-04T13:29:41.868Z",
    "duration": 1343,
    "testsRegistered": 1,
    "passPercent": 100,
    "pendingPercent": 0,
    "other": 0,
    "hasOther": false,
    "skipped": 0,
    "hasSkipped": false
  },
  "results": [
    {
      "uuid": "24ae60a0-af5c-4c4d-b37a-f555456b3eeb",
      "title": "",
      "fullFile": "cypress/e2e/ParsingXMLResponse.cy.js",
      "file": "cypress/e2e/ParsingXMLResponse.cy.js",
      "beforeHooks": [],
      "afterHooks": [],
      "tests": [],
      "suites": [
        {
          "uuid": "ed98f168-e0b2-409a-a9cd-44e33fddf383",
          "title": "xml parsing",
          "fullFile": "",
          "file": "",
          "beforeHooks": [],
          "afterHooks": [],
          "tests": [
            {
              "title": "creating PET",
              "fullTitle": "xml parsing creating PET",
              "timedOut": null,
              "duration": 1297,
              "state": "passed",
              "speed": "fast",
              "pass": true,
              "fail": false,
              "pending": false,
              "context": null,
              "code": "cy.request({\n  method: \"POST\",\n  url: \"https://petstore.swagger.io/v2/pet\",\n  body: xmlpayload,\n  headers: {\n    \"Content-Type\": \"application/xml\",\n    \"Accept\": \"application/xml\"\n  },\n  failOnStatusCode: false // This allows handling non-2xx responses\n}).then(response => {\n  expect(response.status).to.eq(200);\n  parser.parseString(response.body, (err, result) => {\n    if (err) {\n      throw new Error(\"Failed to parse XML response\");\n    }\n    petid = result.Pet.id;\n  });\n});",
              "err": {},
              "uuid": "bfb5f61b-87c6-4c5c-8805-30b57203dee8",
              "parentUUID": "ed98f168-e0b2-409a-a9cd-44e33fddf383",
              "isHook": false,
              "skipped": false
            }
          ],
          "suites": [],
          "passes": [
            "bfb5f61b-87c6-4c5c-8805-30b57203dee8"
          ],
          "failures": [],
          "pending": [],
          "skipped": [],
          "duration": 1297,
          "root": false,
          "rootEmpty": false,
          "_timeout": 2000
        }
      ],
      "passes": [],
      "failures": [],
      "pending": [],
      "skipped": [],
      "duration": 0,
      "root": true,
      "rootEmpty": true,
      "_timeout": 2000
    }
  ],
  "meta": {
    "mocha": {
      "version": "7.0.1"
    },
    "mochawesome": {
      "options": {
        "quiet": false,
        "reportFilename": "mochawesome",
        "saveHtml": false,
        "saveJson": true,
        "consoleReporter": "spec",
        "useInlineDiffs": false,
        "code": true
      },
      "version": "7.1.3"
    },
    "marge": {
      "options": {
        "reportDir": "cypress/reports",
        "overwrite": false,
        "html": false,
        "json": true
      },
      "version": "6.2.0"
    }
  }
}