{
  "stats": {
    "suites": 4,
    "tests": 4,
    "passes": 4,
    "pending": 0,
    "failures": 0,
    "start": "2024-07-02T10:00:42.988Z",
    "end": "2024-07-02T10:00:45.548Z",
    "duration": 2560,
    "testsRegistered": 4,
    "passPercent": 100,
    "pendingPercent": 0,
    "other": 0,
    "hasOther": false,
    "skipped": 0,
    "hasSkipped": false
  },
  "results": [
    {
      "uuid": "8532b236-ead3-49b8-80f2-7b019293b334",
      "title": "",
      "fullFile": "cypress/e2e/API-test.cy.js",
      "file": "cypress/e2e/API-test.cy.js",
      "beforeHooks": [],
      "afterHooks": [],
      "tests": [],
      "suites": [
        {
          "uuid": "26a403fb-0328-4a13-bb1d-97571232588b",
          "title": "API test with cypress",
          "fullFile": "",
          "file": "",
          "beforeHooks": [],
          "afterHooks": [],
          "tests": [
            {
              "title": "GET-read",
              "fullTitle": "API test with cypress GET-read",
              "timedOut": null,
              "duration": 154,
              "state": "passed",
              "speed": "fast",
              "pass": true,
              "fail": false,
              "pending": false,
              "context": null,
              "code": "cy.request(\"GET\", \"https://jsonplaceholder.typicode.com/posts/1\").its('status').should('equal', 200);",
              "err": {},
              "uuid": "967e37fa-61c6-41d5-b605-e67848b72015",
              "parentUUID": "26a403fb-0328-4a13-bb1d-97571232588b",
              "isHook": false,
              "skipped": false
            }
          ],
          "suites": [],
          "passes": [
            "967e37fa-61c6-41d5-b605-e67848b72015"
          ],
          "failures": [],
          "pending": [],
          "skipped": [],
          "duration": 154,
          "root": false,
          "rootEmpty": false,
          "_timeout": 2000
        },
        {
          "uuid": "af2c768a-470b-4ddf-9eee-13e6c863face",
          "title": "API test with cypress",
          "fullFile": "",
          "file": "",
          "beforeHooks": [],
          "afterHooks": [],
          "tests": [
            {
              "title": "POST-create",
              "fullTitle": "API test with cypress POST-create",
              "timedOut": null,
              "duration": 935,
              "state": "passed",
              "speed": "fast",
              "pass": true,
              "fail": false,
              "pending": false,
              "context": null,
              "code": "cy.request({\n  method: \"POST\",\n  url: \"https://jsonplaceholder.typicode.com/posts\",\n  body: {\n    title: \"foo\",\n    body: \"bar\",\n    userId: 1\n  }\n}).then(response => {\n  expect(response.status).to.eq(201);\n  expect(response.body).to.have.property(\"title\", \"foo\");\n});",
              "err": {},
              "uuid": "bf026238-b6e1-4c9f-987d-f7d161caa00b",
              "parentUUID": "af2c768a-470b-4ddf-9eee-13e6c863face",
              "isHook": false,
              "skipped": false
            }
          ],
          "suites": [],
          "passes": [
            "bf026238-b6e1-4c9f-987d-f7d161caa00b"
          ],
          "failures": [],
          "pending": [],
          "skipped": [],
          "duration": 935,
          "root": false,
          "rootEmpty": false,
          "_timeout": 2000
        },
        {
          "uuid": "b483f6df-71f3-4e8c-a154-719e81784033",
          "title": "API Testing with Cypress",
          "fullFile": "",
          "file": "",
          "beforeHooks": [],
          "afterHooks": [],
          "tests": [
            {
              "title": "PUT - update",
              "fullTitle": "API Testing with Cypress PUT - update",
              "timedOut": null,
              "duration": 999,
              "state": "passed",
              "speed": "fast",
              "pass": true,
              "fail": false,
              "pending": false,
              "context": null,
              "code": "cy.request({\n  method: \"PUT\",\n  url: \"https://jsonplaceholder.typicode.com/posts/1\",\n  body: {\n    id: 1,\n    title: \"updated title\",\n    body: \"updated body\",\n    userId: 1\n  }\n}).then(response => {\n  expect(response.status).to.eq(200);\n  expect(response.body).to.have.property(\"title\", \"updated title\");\n});",
              "err": {},
              "uuid": "58c25575-3942-461d-99cb-403c72efd615",
              "parentUUID": "b483f6df-71f3-4e8c-a154-719e81784033",
              "isHook": false,
              "skipped": false
            }
          ],
          "suites": [],
          "passes": [
            "58c25575-3942-461d-99cb-403c72efd615"
          ],
          "failures": [],
          "pending": [],
          "skipped": [],
          "duration": 999,
          "root": false,
          "rootEmpty": false,
          "_timeout": 2000
        },
        {
          "uuid": "fd568b0e-70e9-43a6-ad32-333a9bbbb81d",
          "title": "API Testing with Cypress",
          "fullFile": "",
          "file": "",
          "beforeHooks": [],
          "afterHooks": [],
          "tests": [
            {
              "title": "DELETE - delete",
              "fullTitle": "API Testing with Cypress DELETE - delete",
              "timedOut": null,
              "duration": 399,
              "state": "passed",
              "speed": "fast",
              "pass": true,
              "fail": false,
              "pending": false,
              "context": null,
              "code": "cy.request({\n  method: \"DELETE\",\n  url: \"https://jsonplaceholder.typicode.com/posts/1\"\n}).then(response => {\n  expect(response.status).to.eq(200);\n});",
              "err": {},
              "uuid": "c356e414-cca7-4e95-8161-c2fc36c59c75",
              "parentUUID": "fd568b0e-70e9-43a6-ad32-333a9bbbb81d",
              "isHook": false,
              "skipped": false
            }
          ],
          "suites": [],
          "passes": [
            "c356e414-cca7-4e95-8161-c2fc36c59c75"
          ],
          "failures": [],
          "pending": [],
          "skipped": [],
          "duration": 399,
          "root": false,
          "rootEmpty": false,
          "_timeout": 2000
        }
      ],
      "passes": [],
      "failures": [],
      "pending": [],
      "skipped": [],
      "duration": 0,
      "root": true,
      "rootEmpty": true,
      "_timeout": 2000
    }
  ],
  "meta": {
    "mocha": {
      "version": "7.0.1"
    },
    "mochawesome": {
      "options": {
        "quiet": false,
        "reportFilename": "mochawesome",
        "saveHtml": false,
        "saveJson": true,
        "consoleReporter": "spec",
        "useInlineDiffs": false,
        "code": true
      },
      "version": "7.1.3"
    },
    "marge": {
      "options": {
        "reportDir": "cypress/reports",
        "overwrite": false,
        "html": false,
        "json": true
      },
      "version": "6.2.0"
    }
  }
}