{
  "stats": {
    "suites": 1,
    "tests": 1,
    "passes": 1,
    "pending": 0,
    "failures": 0,
    "start": "2024-07-02T10:00:49.366Z",
    "end": "2024-07-02T10:00:49.462Z",
    "duration": 96,
    "testsRegistered": 1,
    "passPercent": 100,
    "pendingPercent": 0,
    "other": 0,
    "hasOther": false,
    "skipped": 0,
    "hasSkipped": false
  },
  "results": [
    {
      "uuid": "eea20b21-404f-4ef7-9e23-f72a8d9defdc",
      "title": "",
      "fullFile": "cypress/e2e/QueryParams.cy.js",
      "file": "cypress/e2e/QueryParams.cy.js",
      "beforeHooks": [],
      "afterHooks": [],
      "tests": [],
      "suites": [
        {
          "uuid": "c7985403-d50a-4bab-9159-3a901fc64e8e",
          "title": "API test",
          "fullFile": "",
          "file": "",
          "beforeHooks": [],
          "afterHooks": [],
          "tests": [
            {
              "title": "Passing query parameters",
              "fullTitle": "API test Passing query parameters",
              "timedOut": null,
              "duration": 76,
              "state": "passed",
              "speed": "fast",
              "pass": true,
              "fail": false,
              "pending": false,
              "context": null,
              "code": "cy.request({\n  method: \"GET\",\n  url: \"https://reqres.in/api/users\",\n  qs: {\n    page: 2\n  }\n}).then(response => {\n  expect(response.status).to.equal(200);\n  //expect(response.status).equal(200);\n  expect(response.body.page).to.eq(2);\n  expect(response.body.data).has.length(6);\n  expect(response.body.data[0]).have.property(\"id\", 7);\n  expect(response.body.data[0]).have.property(\"first_name\", \"Michael\");\n});",
              "err": {},
              "uuid": "94225562-c2c7-4250-a207-11ae5465eb73",
              "parentUUID": "c7985403-d50a-4bab-9159-3a901fc64e8e",
              "isHook": false,
              "skipped": false
            }
          ],
          "suites": [],
          "passes": [
            "94225562-c2c7-4250-a207-11ae5465eb73"
          ],
          "failures": [],
          "pending": [],
          "skipped": [],
          "duration": 76,
          "root": false,
          "rootEmpty": false,
          "_timeout": 2000
        }
      ],
      "passes": [],
      "failures": [],
      "pending": [],
      "skipped": [],
      "duration": 0,
      "root": true,
      "rootEmpty": true,
      "_timeout": 2000
    }
  ],
  "meta": {
    "mocha": {
      "version": "7.0.1"
    },
    "mochawesome": {
      "options": {
        "quiet": false,
        "reportFilename": "mochawesome",
        "saveHtml": false,
        "saveJson": true,
        "consoleReporter": "spec",
        "useInlineDiffs": false,
        "code": true
      },
      "version": "7.1.3"
    },
    "marge": {
      "options": {
        "reportDir": "cypress/reports",
        "overwrite": false,
        "html": false,
        "json": true
      },
      "version": "6.2.0"
    }
  }
}