{
  "stats": {
    "suites": 1,
    "tests": 1,
    "passes": 1,
    "pending": 0,
    "failures": 0,
    "start": "2024-07-04T13:29:32.313Z",
    "end": "2024-07-04T13:29:34.956Z",
    "duration": 2643,
    "testsRegistered": 1,
    "passPercent": 100,
    "pendingPercent": 0,
    "other": 0,
    "hasOther": false,
    "skipped": 0,
    "hasSkipped": false
  },
  "results": [
    {
      "uuid": "023d6537-4e33-41b6-a17e-15c07a7ac915",
      "title": "",
      "fullFile": "cypress/e2e/HeadersAndCookies.cy.js",
      "file": "cypress/e2e/HeadersAndCookies.cy.js",
      "beforeHooks": [],
      "afterHooks": [],
      "tests": [],
      "suites": [
        {
          "uuid": "80f34ee9-c404-44c2-b891-152320e3cea5",
          "title": "test",
          "fullFile": "",
          "file": "",
          "beforeHooks": [],
          "afterHooks": [],
          "tests": [
            {
              "title": "fetching orders",
              "fullTitle": "test fetching orders",
              "timedOut": null,
              "duration": 2614,
              "state": "passed",
              "speed": "fast",
              "pass": true,
              "fail": false,
              "pending": false,
              "context": null,
              "code": "cy.request({\n  method: 'GET',\n  url: 'https://simple-books-api.glitch.me/orders/',\n  headers: {\n    'Content-Type': 'application/json',\n    'Authorization': 'Bearer ' + authToken\n  },\n  cookies: {\n    'cookieName': 'mycookie'\n  },\n  failOnStatusCode: false // Do not fail on 401, handle it manually\n}).then(response => {\n  if (response.status === 401) {\n    cy.log('Unauthorized: Check the auth token and headers.');\n  }\n  expect(response.status).to.eq(200);\n  expect(response.body).to.have.length(1);\n});",
              "err": {},
              "uuid": "4a618c48-0181-4298-b4db-4a620f190073",
              "parentUUID": "80f34ee9-c404-44c2-b891-152320e3cea5",
              "isHook": false,
              "skipped": false
            }
          ],
          "suites": [],
          "passes": [
            "4a618c48-0181-4298-b4db-4a620f190073"
          ],
          "failures": [],
          "pending": [],
          "skipped": [],
          "duration": 2614,
          "root": false,
          "rootEmpty": false,
          "_timeout": 2000
        }
      ],
      "passes": [],
      "failures": [],
      "pending": [],
      "skipped": [],
      "duration": 0,
      "root": true,
      "rootEmpty": true,
      "_timeout": 2000
    }
  ],
  "meta": {
    "mocha": {
      "version": "7.0.1"
    },
    "mochawesome": {
      "options": {
        "quiet": false,
        "reportFilename": "mochawesome",
        "saveHtml": false,
        "saveJson": true,
        "consoleReporter": "spec",
        "useInlineDiffs": false,
        "code": true
      },
      "version": "7.1.3"
    },
    "marge": {
      "options": {
        "reportDir": "cypress/reports",
        "overwrite": false,
        "html": false,
        "json": true
      },
      "version": "6.2.0"
    }
  }
}