{
  "stats": {
    "suites": 3,
    "tests": 8,
    "passes": 8,
    "pending": 0,
    "failures": 0,
    "testsRegistered": 8,
    "passPercent": 100,
    "pendingPercent": 0,
    "other": 0,
    "hasOther": false,
    "skipped": 0,
    "hasSkipped": false,
    "start": "2024-07-02T10:00:42.988Z",
    "end": "2024-07-02T10:00:49.462Z",
    "duration": 6474
  },
  "results": [
    {
      "uuid": "8532b236-ead3-49b8-80f2-7b019293b334",
      "title": "",
      "fullFile": "cypress/e2e/API-test.cy.js",
      "file": "cypress/e2e/API-test.cy.js",
      "beforeHooks": [],
      "afterHooks": [],
      "tests": [],
      "suites": [
        {
          "uuid": "26a403fb-0328-4a13-bb1d-97571232588b",
          "title": "API test with cypress",
          "fullFile": "",
          "file": "",
          "beforeHooks": [],
          "afterHooks": [],
          "tests": [
            {
              "title": "GET-read",
              "fullTitle": "API test with cypress GET-read",
              "timedOut": null,
              "duration": 154,
              "state": "passed",
              "speed": "fast",
              "pass": true,
              "fail": false,
              "pending": false,
              "context": null,
              "code": "cy.request(\"GET\", \"https://jsonplaceholder.typicode.com/posts/1\").its('status').should('equal', 200);",
              "err": {},
              "uuid": "967e37fa-61c6-41d5-b605-e67848b72015",
              "parentUUID": "26a403fb-0328-4a13-bb1d-97571232588b",
              "isHook": false,
              "skipped": false
            }
          ],
          "suites": [],
          "passes": [
            "967e37fa-61c6-41d5-b605-e67848b72015"
          ],
          "failures": [],
          "pending": [],
          "skipped": [],
          "duration": 154,
          "root": false,
          "rootEmpty": false,
          "_timeout": 2000
        },
        {
          "uuid": "af2c768a-470b-4ddf-9eee-13e6c863face",
          "title": "API test with cypress",
          "fullFile": "",
          "file": "",
          "beforeHooks": [],
          "afterHooks": [],
          "tests": [
            {
              "title": "POST-create",
              "fullTitle": "API test with cypress POST-create",
              "timedOut": null,
              "duration": 935,
              "state": "passed",
              "speed": "fast",
              "pass": true,
              "fail": false,
              "pending": false,
              "context": null,
              "code": "cy.request({\n  method: \"POST\",\n  url: \"https://jsonplaceholder.typicode.com/posts\",\n  body: {\n    title: \"foo\",\n    body: \"bar\",\n    userId: 1\n  }\n}).then(response => {\n  expect(response.status).to.eq(201);\n  expect(response.body).to.have.property(\"title\", \"foo\");\n});",
              "err": {},
              "uuid": "bf026238-b6e1-4c9f-987d-f7d161caa00b",
              "parentUUID": "af2c768a-470b-4ddf-9eee-13e6c863face",
              "isHook": false,
              "skipped": false
            }
          ],
          "suites": [],
          "passes": [
            "bf026238-b6e1-4c9f-987d-f7d161caa00b"
          ],
          "failures": [],
          "pending": [],
          "skipped": [],
          "duration": 935,
          "root": false,
          "rootEmpty": false,
          "_timeout": 2000
        },
        {
          "uuid": "b483f6df-71f3-4e8c-a154-719e81784033",
          "title": "API Testing with Cypress",
          "fullFile": "",
          "file": "",
          "beforeHooks": [],
          "afterHooks": [],
          "tests": [
            {
              "title": "PUT - update",
              "fullTitle": "API Testing with Cypress PUT - update",
              "timedOut": null,
              "duration": 999,
              "state": "passed",
              "speed": "fast",
              "pass": true,
              "fail": false,
              "pending": false,
              "context": null,
              "code": "cy.request({\n  method: \"PUT\",\n  url: \"https://jsonplaceholder.typicode.com/posts/1\",\n  body: {\n    id: 1,\n    title: \"updated title\",\n    body: \"updated body\",\n    userId: 1\n  }\n}).then(response => {\n  expect(response.status).to.eq(200);\n  expect(response.body).to.have.property(\"title\", \"updated title\");\n});",
              "err": {},
              "uuid": "58c25575-3942-461d-99cb-403c72efd615",
              "parentUUID": "b483f6df-71f3-4e8c-a154-719e81784033",
              "isHook": false,
              "skipped": false
            }
          ],
          "suites": [],
          "passes": [
            "58c25575-3942-461d-99cb-403c72efd615"
          ],
          "failures": [],
          "pending": [],
          "skipped": [],
          "duration": 999,
          "root": false,
          "rootEmpty": false,
          "_timeout": 2000
        },
        {
          "uuid": "fd568b0e-70e9-43a6-ad32-333a9bbbb81d",
          "title": "API Testing with Cypress",
          "fullFile": "",
          "file": "",
          "beforeHooks": [],
          "afterHooks": [],
          "tests": [
            {
              "title": "DELETE - delete",
              "fullTitle": "API Testing with Cypress DELETE - delete",
              "timedOut": null,
              "duration": 399,
              "state": "passed",
              "speed": "fast",
              "pass": true,
              "fail": false,
              "pending": false,
              "context": null,
              "code": "cy.request({\n  method: \"DELETE\",\n  url: \"https://jsonplaceholder.typicode.com/posts/1\"\n}).then(response => {\n  expect(response.status).to.eq(200);\n});",
              "err": {},
              "uuid": "c356e414-cca7-4e95-8161-c2fc36c59c75",
              "parentUUID": "fd568b0e-70e9-43a6-ad32-333a9bbbb81d",
              "isHook": false,
              "skipped": false
            }
          ],
          "suites": [],
          "passes": [
            "c356e414-cca7-4e95-8161-c2fc36c59c75"
          ],
          "failures": [],
          "pending": [],
          "skipped": [],
          "duration": 399,
          "root": false,
          "rootEmpty": false,
          "_timeout": 2000
        }
      ],
      "passes": [],
      "failures": [],
      "pending": [],
      "skipped": [],
      "duration": 0,
      "root": true,
      "rootEmpty": true,
      "_timeout": 2000
    },
    {
      "uuid": "b1174814-c686-4170-bf27-2f4fbf25ae54",
      "title": "",
      "fullFile": "cypress/e2e/PostCalls.cy.js",
      "file": "cypress/e2e/PostCalls.cy.js",
      "beforeHooks": [],
      "afterHooks": [],
      "tests": [],
      "suites": [
        {
          "uuid": "cd0cdccc-b6b7-4721-8caa-0e387d5413ae",
          "title": "Approach1 - Hard coded values",
          "fullFile": "",
          "file": "",
          "beforeHooks": [],
          "afterHooks": [],
          "tests": [
            {
              "title": "Approach1",
              "fullTitle": "Approach1 - Hard coded values Approach1",
              "timedOut": null,
              "duration": 675,
              "state": "passed",
              "speed": "fast",
              "pass": true,
              "fail": false,
              "pending": false,
              "context": null,
              "code": "const requestBody = {\n  name: \"morpheus\",\n  job: \"leader\"\n};\ncy.request({\n  method: \"POST\",\n  url: \"https://reqres.in/api/users/\",\n  body: requestBody\n}).then(response => {\n  expect(response.status).to.eq(201);\n  expect(response.body.name).to.eq(\"morpheus\");\n  expect(response.body.job).to.eq(\"leader\");\n});",
              "err": {},
              "uuid": "7e0b1b30-874c-4544-b133-f17ba83e71f7",
              "parentUUID": "cd0cdccc-b6b7-4721-8caa-0e387d5413ae",
              "isHook": false,
              "skipped": false
            }
          ],
          "suites": [],
          "passes": [
            "7e0b1b30-874c-4544-b133-f17ba83e71f7"
          ],
          "failures": [],
          "pending": [],
          "skipped": [],
          "duration": 675,
          "root": false,
          "rootEmpty": false,
          "_timeout": 2000
        },
        {
          "uuid": "4f4ae779-51a5-48e0-913c-eba1f7caf578",
          "title": "Approach 2 - Dynamically generating JSON object",
          "fullFile": "",
          "file": "",
          "beforeHooks": [],
          "afterHooks": [],
          "tests": [
            {
              "title": "Approach2",
              "fullTitle": "Approach 2 - Dynamically generating JSON object Approach2",
              "timedOut": null,
              "duration": 358,
              "state": "passed",
              "speed": "fast",
              "pass": true,
              "fail": false,
              "pending": false,
              "context": null,
              "code": "const requestBody = {\n  name: Math.random().toString(5).substring(2),\n  job: \"Engineer\"\n};\ncy.request({\n  method: \"POST\",\n  url: \"https://reqres.in/api/users/\",\n  body: requestBody\n}).then(response => {\n  expect(response.status).to.eq(201);\n  expect(response.body.name).to.eq(requestBody.name);\n  expect(response.body.job).to.eq(requestBody.job);\n});",
              "err": {},
              "uuid": "be3cd05c-e129-45c2-ae45-632b2dca963c",
              "parentUUID": "4f4ae779-51a5-48e0-913c-eba1f7caf578",
              "isHook": false,
              "skipped": false
            }
          ],
          "suites": [],
          "passes": [
            "be3cd05c-e129-45c2-ae45-632b2dca963c"
          ],
          "failures": [],
          "pending": [],
          "skipped": [],
          "duration": 358,
          "root": false,
          "rootEmpty": false,
          "_timeout": 2000
        },
        {
          "uuid": "5c97af13-40e0-4010-a9ad-9917c9115f91",
          "title": "Approach 3 - Using fixture",
          "fullFile": "",
          "file": "",
          "beforeHooks": [],
          "afterHooks": [],
          "tests": [
            {
              "title": "Approach3- Fixtures",
              "fullTitle": "Approach 3 - Using fixture Approach3- Fixtures",
              "timedOut": null,
              "duration": 421,
              "state": "passed",
              "speed": "fast",
              "pass": true,
              "fail": false,
              "pending": false,
              "context": null,
              "code": "cy.fixture(\"Test\").then(data => {\n  const requestBody = data;\n  cy.request({\n    method: \"POST\",\n    url: \"https://reqres.in/api/users/\",\n    body: requestBody\n  }).then(response => {\n    expect(response.status).to.eq(201);\n    expect(response.body.name).to.eq(requestBody.name);\n    expect(response.body.job).to.eq(requestBody.job);\n  });\n});",
              "err": {},
              "uuid": "b78396d2-e4d1-4e1d-b14e-1c050a3383fb",
              "parentUUID": "5c97af13-40e0-4010-a9ad-9917c9115f91",
              "isHook": false,
              "skipped": false
            }
          ],
          "suites": [],
          "passes": [
            "b78396d2-e4d1-4e1d-b14e-1c050a3383fb"
          ],
          "failures": [],
          "pending": [],
          "skipped": [],
          "duration": 421,
          "root": false,
          "rootEmpty": false,
          "_timeout": 2000
        }
      ],
      "passes": [],
      "failures": [],
      "pending": [],
      "skipped": [],
      "duration": 0,
      "root": true,
      "rootEmpty": true,
      "_timeout": 2000
    },
    {
      "uuid": "eea20b21-404f-4ef7-9e23-f72a8d9defdc",
      "title": "",
      "fullFile": "cypress/e2e/QueryParams.cy.js",
      "file": "cypress/e2e/QueryParams.cy.js",
      "beforeHooks": [],
      "afterHooks": [],
      "tests": [],
      "suites": [
        {
          "uuid": "c7985403-d50a-4bab-9159-3a901fc64e8e",
          "title": "API test",
          "fullFile": "",
          "file": "",
          "beforeHooks": [],
          "afterHooks": [],
          "tests": [
            {
              "title": "Passing query parameters",
              "fullTitle": "API test Passing query parameters",
              "timedOut": null,
              "duration": 76,
              "state": "passed",
              "speed": "fast",
              "pass": true,
              "fail": false,
              "pending": false,
              "context": null,
              "code": "cy.request({\n  method: \"GET\",\n  url: \"https://reqres.in/api/users\",\n  qs: {\n    page: 2\n  }\n}).then(response => {\n  expect(response.status).to.equal(200);\n  //expect(response.status).equal(200);\n  expect(response.body.page).to.eq(2);\n  expect(response.body.data).has.length(6);\n  expect(response.body.data[0]).have.property(\"id\", 7);\n  expect(response.body.data[0]).have.property(\"first_name\", \"Michael\");\n});",
              "err": {},
              "uuid": "94225562-c2c7-4250-a207-11ae5465eb73",
              "parentUUID": "c7985403-d50a-4bab-9159-3a901fc64e8e",
              "isHook": false,
              "skipped": false
            }
          ],
          "suites": [],
          "passes": [
            "94225562-c2c7-4250-a207-11ae5465eb73"
          ],
          "failures": [],
          "pending": [],
          "skipped": [],
          "duration": 76,
          "root": false,
          "rootEmpty": false,
          "_timeout": 2000
        }
      ],
      "passes": [],
      "failures": [],
      "pending": [],
      "skipped": [],
      "duration": 0,
      "root": true,
      "rootEmpty": true,
      "_timeout": 2000
    }
  ],
  "meta": {
    "mocha": {
      "version": "7.0.1"
    },
    "mochawesome": {
      "options": {
        "quiet": false,
        "reportFilename": "mochawesome",
        "saveHtml": false,
        "saveJson": true,
        "consoleReporter": "spec",
        "useInlineDiffs": false,
        "code": true
      },
      "version": "7.1.3"
    },
    "marge": {
      "options": {
        "reportDir": "cypress/reports",
        "overwrite": false,
        "html": false,
        "json": true
      },
      "version": "6.2.0"
    }
  }
}